::1 - Thu Dec 26 2019 16:03:47 GMT-0500 (Eastern Standard Time) - GET /stylesheets/style.css HTTP/1.1 200 111 - 22 - Mozilla/5.0 (X11; Linux x86_64) AppleWebKit/537.36 (KHTML, like Gecko) Chrome/78.0.3904.108 Safari/537.36
::1 - Thu Dec 26 2019 16:03:49 GMT-0500 (Eastern Standard Time) - GET /notes HTTP/1.1 404 35 - 10 - Mozilla/5.0 (X11; Linux x86_64) AppleWebKit/537.36 (KHTML, like Gecko) Chrome/78.0.3904.108 Safari/537.36
::1 - Thu Dec 26 2019 16:14:32 GMT-0500 (Eastern Standard Time) - GET / HTTP/1.1 200 749 - 124 - Mozilla/5.0 (X11; Linux x86_64) AppleWebKit/537.36 (KHTML, like Gecko) Chrome/78.0.3904.108 Safari/537.36
::1 - Thu Dec 26 2019 16:14:32 GMT-0500 (Eastern Standard Time) - GET /stylesheets/style.css HTTP/1.1 304 - - 64 http://localhost:3000/ Mozilla/5.0 (X11; Linux x86_64) AppleWebKit/537.36 (KHTML, like Gecko) Chrome/78.0.3904.108 Safari/537.36
::1 - Thu Dec 26 2019 16:14:32 GMT-0500 (Eastern Standard Time) - GET /javascripts/html5shiv-printshiv.min.js HTTP/1.1 200 - - 38 http://localhost:3000/ Mozilla/5.0 (X11; Linux x86_64) AppleWebKit/537.36 (KHTML, like Gecko) Chrome/78.0.3904.108 Safari/537.36
::1 - Thu Dec 26 2019 16:14:32 GMT-0500 (Eastern Standard Time) - GET /javascripts/html5shiv.min.js HTTP/1.1 200 - - 84 http://localhost:3000/ Mozilla/5.0 (X11; Linux x86_64) AppleWebKit/537.36 (KHTML, like Gecko) Chrome/78.0.3904.108 Safari/537.36
::1 - Thu Dec 26 2019 16:14:32 GMT-0500 (Eastern Standard Time) - GET /javascripts/respond.matchmedia.addListener.min.js HTTP/1.1 200 - - 73 http://localhost:3000/ Mozilla/5.0 (X11; Linux x86_64) AppleWebKit/537.36 (KHTML, like Gecko) Chrome/78.0.3904.108 Safari/537.36
::1 - Thu Dec 26 2019 16:14:32 GMT-0500 (Eastern Standard Time) - GET /javascripts/respond.min.js HTTP/1.1 200 - - 88 http://localhost:3000/ Mozilla/5.0 (X11; Linux x86_64) AppleWebKit/537.36 (KHTML, like Gecko) Chrome/78.0.3904.108 Safari/537.36
::1 - Thu Dec 26 2019 16:14:33 GMT-0500 (Eastern Standard Time) - GET /ficon.ico HTTP/1.1 200 - - 32 http://localhost:3000/ Mozilla/5.0 (X11; Linux x86_64) AppleWebKit/537.36 (KHTML, like Gecko) Chrome/78.0.3904.108 Safari/537.36
::1 - Thu Dec 26 2019 16:14:38 GMT-0500 (Eastern Standard Time) - GET /notes HTTP/1.1 404 35 - 4 - Mozilla/5.0 (X11; Linux x86_64) AppleWebKit/537.36 (KHTML, like Gecko) Chrome/78.0.3904.108 Safari/537.36
::1 - Thu Dec 26 2019 16:14:52 GMT-0500 (Eastern Standard Time) - GET /notes HTTP/1.1 200 726 - 181 - Mozilla/5.0 (X11; Linux x86_64) AppleWebKit/537.36 (KHTML, like Gecko) Chrome/78.0.3904.108 Safari/537.36
::1 - Thu Dec 26 2019 16:14:52 GMT-0500 (Eastern Standard Time) - GET /stylesheets/style.css HTTP/1.1 304 - - 4 http://localhost:3000/notes Mozilla/5.0 (X11; Linux x86_64) AppleWebKit/537.36 (KHTML, like Gecko) Chrome/78.0.3904.108 Safari/537.36
::1 - Thu Dec 26 2019 16:14:52 GMT-0500 (Eastern Standard Time) - GET /javascripts/html5shiv.min.js HTTP/1.1 304 - - 1 http://localhost:3000/notes Mozilla/5.0 (X11; Linux x86_64) AppleWebKit/537.36 (KHTML, like Gecko) Chrome/78.0.3904.108 Safari/537.36
::1 - Thu Dec 26 2019 16:14:52 GMT-0500 (Eastern Standard Time) - GET /javascripts/html5shiv-printshiv.min.js HTTP/1.1 304 - - 1 http://localhost:3000/notes Mozilla/5.0 (X11; Linux x86_64) AppleWebKit/537.36 (KHTML, like Gecko) Chrome/78.0.3904.108 Safari/537.36
::1 - Thu Dec 26 2019 16:14:52 GMT-0500 (Eastern Standard Time) - GET /javascripts/respond.min.js HTTP/1.1 304 - - 1 http://localhost:3000/notes Mozilla/5.0 (X11; Linux x86_64) AppleWebKit/537.36 (KHTML, like Gecko) Chrome/78.0.3904.108 Safari/537.36
::1 - Thu Dec 26 2019 16:14:52 GMT-0500 (Eastern Standard Time) - GET /javascripts/respond.matchmedia.addListener.min.js HTTP/1.1 304 - - 2 http://localhost:3000/notes Mozilla/5.0 (X11; Linux x86_64) AppleWebKit/537.36 (KHTML, like Gecko) Chrome/78.0.3904.108 Safari/537.36
::1 - Thu Dec 26 2019 16:15:10 GMT-0500 (Eastern Standard Time) - GET /notes HTTP/1.1 200 - - 146 - Mozilla/5.0 (X11; Linux x86_64) AppleWebKit/537.36 (KHTML, like Gecko) Chrome/78.0.3904.108 Safari/537.36
::1 - Thu Dec 26 2019 16:15:10 GMT-0500 (Eastern Standard Time) - GET /stylesheets/style.css HTTP/1.1 304 - - 4 http://localhost:3000/notes Mozilla/5.0 (X11; Linux x86_64) AppleWebKit/537.36 (KHTML, like Gecko) Chrome/78.0.3904.108 Safari/537.36
::1 - Thu Dec 26 2019 16:15:10 GMT-0500 (Eastern Standard Time) - GET /javascripts/html5shiv.min.js HTTP/1.1 304 - - 1 http://localhost:3000/notes Mozilla/5.0 (X11; Linux x86_64) AppleWebKit/537.36 (KHTML, like Gecko) Chrome/78.0.3904.108 Safari/537.36
::1 - Thu Dec 26 2019 16:15:10 GMT-0500 (Eastern Standard Time) - GET /javascripts/html5shiv-printshiv.min.js HTTP/1.1 304 - - 2 http://localhost:3000/notes Mozilla/5.0 (X11; Linux x86_64) AppleWebKit/537.36 (KHTML, like Gecko) Chrome/78.0.3904.108 Safari/537.36
::1 - Thu Dec 26 2019 16:15:10 GMT-0500 (Eastern Standard Time) - GET /javascripts/respond.min.js HTTP/1.1 304 - - 2 http://localhost:3000/notes Mozilla/5.0 (X11; Linux x86_64) AppleWebKit/537.36 (KHTML, like Gecko) Chrome/78.0.3904.108 Safari/537.36
::1 - Thu Dec 26 2019 16:15:10 GMT-0500 (Eastern Standard Time) - GET /javascripts/respond.matchmedia.addListener.min.js HTTP/1.1 304 - - 1 http://localhost:3000/notes Mozilla/5.0 (X11; Linux x86_64) AppleWebKit/537.36 (KHTML, like Gecko) Chrome/78.0.3904.108 Safari/537.36
::1 - Thu Dec 26 2019 16:15:11 GMT-0500 (Eastern Standard Time) - GET /ficon.ico HTTP/1.1 200 - - 6 http://localhost:3000/notes Mozilla/5.0 (X11; Linux x86_64) AppleWebKit/537.36 (KHTML, like Gecko) Chrome/78.0.3904.108 Safari/537.36
::1 - Thu Dec 26 2019 16:16:28 GMT-0500 (Eastern Standard Time) - GET /notes HTTP/1.1 500 35 - 127 - Mozilla/5.0 (X11; Linux x86_64) AppleWebKit/537.36 (KHTML, like Gecko) Chrome/78.0.3904.108 Safari/537.36
::1 - Thu Dec 26 2019 16:16:29 GMT-0500 (Eastern Standard Time) - GET /notes HTTP/1.1 500 35 - 13 - Mozilla/5.0 (X11; Linux x86_64) AppleWebKit/537.36 (KHTML, like Gecko) Chrome/78.0.3904.108 Safari/537.36
::1 - Thu Dec 26 2019 16:16:30 GMT-0500 (Eastern Standard Time) - GET /notes HTTP/1.1 500 35 - 22 - Mozilla/5.0 (X11; Linux x86_64) AppleWebKit/537.36 (KHTML, like Gecko) Chrome/78.0.3904.108 Safari/537.36
::1 - Thu Dec 26 2019 16:16:30 GMT-0500 (Eastern Standard Time) - GET /notes HTTP/1.1 500 35 - 13 - Mozilla/5.0 (X11; Linux x86_64) AppleWebKit/537.36 (KHTML, like Gecko) Chrome/78.0.3904.108 Safari/537.36
::1 - Thu Dec 26 2019 16:16:30 GMT-0500 (Eastern Standard Time) - GET /notes HTTP/1.1 500 35 - 25 - Mozilla/5.0 (X11; Linux x86_64) AppleWebKit/537.36 (KHTML, like Gecko) Chrome/78.0.3904.108 Safari/537.36
::1 - Thu Dec 26 2019 16:16:30 GMT-0500 (Eastern Standard Time) - GET /notes HTTP/1.1 500 35 - 14 - Mozilla/5.0 (X11; Linux x86_64) AppleWebKit/537.36 (KHTML, like Gecko) Chrome/78.0.3904.108 Safari/537.36
::1 - Thu Dec 26 2019 16:16:31 GMT-0500 (Eastern Standard Time) - GET /notes HTTP/1.1 500 35 - 20 - Mozilla/5.0 (X11; Linux x86_64) AppleWebKit/537.36 (KHTML, like Gecko) Chrome/78.0.3904.108 Safari/537.36
::1 - Thu Dec 26 2019 16:17:14 GMT-0500 (Eastern Standard Time) - GET /notes HTTP/1.1 500 35 - 98 - Mozilla/5.0 (X11; Linux x86_64) AppleWebKit/537.36 (KHTML, like Gecko) Chrome/78.0.3904.108 Safari/537.36
::1 - Thu Dec 26 2019 16:17:15 GMT-0500 (Eastern Standard Time) - GET /notes HTTP/1.1 500 35 - 16 - Mozilla/5.0 (X11; Linux x86_64) AppleWebKit/537.36 (KHTML, like Gecko) Chrome/78.0.3904.108 Safari/537.36
::1 - Thu Dec 26 2019 16:17:15 GMT-0500 (Eastern Standard Time) - GET /notes HTTP/1.1 500 35 - 12 - Mozilla/5.0 (X11; Linux x86_64) AppleWebKit/537.36 (KHTML, like Gecko) Chrome/78.0.3904.108 Safari/537.36
::1 - Thu Dec 26 2019 16:17:16 GMT-0500 (Eastern Standard Time) - GET /notes HTTP/1.1 500 35 - 14 - Mozilla/5.0 (X11; Linux x86_64) AppleWebKit/537.36 (KHTML, like Gecko) Chrome/78.0.3904.108 Safari/537.36
::1 - Thu Dec 26 2019 16:17:17 GMT-0500 (Eastern Standard Time) - GET / HTTP/1.1 304 - - 51 - Mozilla/5.0 (X11; Linux x86_64) AppleWebKit/537.36 (KHTML, like Gecko) Chrome/78.0.3904.108 Safari/537.36
::1 - Thu Dec 26 2019 16:17:17 GMT-0500 (Eastern Standard Time) - GET /javascripts/html5shiv.min.js HTTP/1.1 304 - - 5 http://localhost:3000/ Mozilla/5.0 (X11; Linux x86_64) AppleWebKit/537.36 (KHTML, like Gecko) Chrome/78.0.3904.108 Safari/537.36
::1 - Thu Dec 26 2019 16:17:17 GMT-0500 (Eastern Standard Time) - GET /javascripts/html5shiv-printshiv.min.js HTTP/1.1 304 - - 12 http://localhost:3000/ Mozilla/5.0 (X11; Linux x86_64) AppleWebKit/537.36 (KHTML, like Gecko) Chrome/78.0.3904.108 Safari/537.36
::1 - Thu Dec 26 2019 16:17:17 GMT-0500 (Eastern Standard Time) - GET /javascripts/respond.min.js HTTP/1.1 304 - - 2 http://localhost:3000/ Mozilla/5.0 (X11; Linux x86_64) AppleWebKit/537.36 (KHTML, like Gecko) Chrome/78.0.3904.108 Safari/537.36
::1 - Thu Dec 26 2019 16:17:17 GMT-0500 (Eastern Standard Time) - GET /javascripts/respond.matchmedia.addListener.min.js HTTP/1.1 304 - - 1 http://localhost:3000/ Mozilla/5.0 (X11; Linux x86_64) AppleWebKit/537.36 (KHTML, like Gecko) Chrome/78.0.3904.108 Safari/537.36
::1 - Thu Dec 26 2019 16:17:17 GMT-0500 (Eastern Standard Time) - GET /stylesheets/style.css HTTP/1.1 200 111 - 71 http://localhost:3000/ Mozilla/5.0 (X11; Linux x86_64) AppleWebKit/537.36 (KHTML, like Gecko) Chrome/78.0.3904.108 Safari/537.36
::1 - Thu Dec 26 2019 16:17:17 GMT-0500 (Eastern Standard Time) - GET /ficon.ico HTTP/1.1 304 - - 2 http://localhost:3000/ Mozilla/5.0 (X11; Linux x86_64) AppleWebKit/537.36 (KHTML, like Gecko) Chrome/78.0.3904.108 Safari/537.36
::1 - Thu Dec 26 2019 16:17:19 GMT-0500 (Eastern Standard Time) - GET /notes HTTP/1.1 500 35 - 9 - Mozilla/5.0 (X11; Linux x86_64) AppleWebKit/537.36 (KHTML, like Gecko) Chrome/78.0.3904.108 Safari/537.36
::1 - Thu Dec 26 2019 16:20:35 GMT-0500 (Eastern Standard Time) - GET /notes HTTP/1.1 200 723 - 168 - Mozilla/5.0 (X11; Linux x86_64) AppleWebKit/537.36 (KHTML, like Gecko) Chrome/78.0.3904.108 Safari/537.36
::1 - Thu Dec 26 2019 16:20:35 GMT-0500 (Eastern Standard Time) - GET /stylesheets/style.css HTTP/1.1 304 - - 7 http://localhost:3000/notes Mozilla/5.0 (X11; Linux x86_64) AppleWebKit/537.36 (KHTML, like Gecko) Chrome/78.0.3904.108 Safari/537.36
::1 - Thu Dec 26 2019 16:20:35 GMT-0500 (Eastern Standard Time) - GET /javascripts/html5shiv.min.js HTTP/1.1 304 - - 1 http://localhost:3000/notes Mozilla/5.0 (X11; Linux x86_64) AppleWebKit/537.36 (KHTML, like Gecko) Chrome/78.0.3904.108 Safari/537.36
::1 - Thu Dec 26 2019 16:20:35 GMT-0500 (Eastern Standard Time) - GET /javascripts/html5shiv-printshiv.min.js HTTP/1.1 304 - - 6 http://localhost:3000/notes Mozilla/5.0 (X11; Linux x86_64) AppleWebKit/537.36 (KHTML, like Gecko) Chrome/78.0.3904.108 Safari/537.36
::1 - Thu Dec 26 2019 16:20:35 GMT-0500 (Eastern Standard Time) - GET /javascripts/respond.min.js HTTP/1.1 304 - - 2 http://localhost:3000/notes Mozilla/5.0 (X11; Linux x86_64) AppleWebKit/537.36 (KHTML, like Gecko) Chrome/78.0.3904.108 Safari/537.36
::1 - Thu Dec 26 2019 16:20:35 GMT-0500 (Eastern Standard Time) - GET /javascripts/respond.matchmedia.addListener.min.js HTTP/1.1 304 - - 1 http://localhost:3000/notes Mozilla/5.0 (X11; Linux x86_64) AppleWebKit/537.36 (KHTML, like Gecko) Chrome/78.0.3904.108 Safari/537.36
::1 - Thu Dec 26 2019 16:20:37 GMT-0500 (Eastern Standard Time) - GET /notes HTTP/1.1 304 - - 50 - Mozilla/5.0 (X11; Linux x86_64) AppleWebKit/537.36 (KHTML, like Gecko) Chrome/78.0.3904.108 Safari/537.36
::1 - Thu Dec 26 2019 16:20:37 GMT-0500 (Eastern Standard Time) - GET /stylesheets/style.css HTTP/1.1 304 - - 1 http://localhost:3000/notes Mozilla/5.0 (X11; Linux x86_64) AppleWebKit/537.36 (KHTML, like Gecko) Chrome/78.0.3904.108 Safari/537.36
::1 - Thu Dec 26 2019 16:20:37 GMT-0500 (Eastern Standard Time) - GET /javascripts/html5shiv.min.js HTTP/1.1 304 - - 7 http://localhost:3000/notes Mozilla/5.0 (X11; Linux x86_64) AppleWebKit/537.36 (KHTML, like Gecko) Chrome/78.0.3904.108 Safari/537.36
::1 - Thu Dec 26 2019 16:20:37 GMT-0500 (Eastern Standard Time) - GET /javascripts/html5shiv-printshiv.min.js HTTP/1.1 304 - - 7 http://localhost:3000/notes Mozilla/5.0 (X11; Linux x86_64) AppleWebKit/537.36 (KHTML, like Gecko) Chrome/78.0.3904.108 Safari/537.36
::1 - Thu Dec 26 2019 16:20:37 GMT-0500 (Eastern Standard Time) - GET /javascripts/respond.min.js HTTP/1.1 304 - - 6 http://localhost:3000/notes Mozilla/5.0 (X11; Linux x86_64) AppleWebKit/537.36 (KHTML, like Gecko) Chrome/78.0.3904.108 Safari/537.36
::1 - Thu Dec 26 2019 16:20:37 GMT-0500 (Eastern Standard Time) - GET /javascripts/respond.matchmedia.addListener.min.js HTTP/1.1 304 - - 7 http://localhost:3000/notes Mozilla/5.0 (X11; Linux x86_64) AppleWebKit/537.36 (KHTML, like Gecko) Chrome/78.0.3904.108 Safari/537.36
::1 - Thu Dec 26 2019 16:20:38 GMT-0500 (Eastern Standard Time) - GET /ficon.ico HTTP/1.1 200 - - 10 http://localhost:3000/notes Mozilla/5.0 (X11; Linux x86_64) AppleWebKit/537.36 (KHTML, like Gecko) Chrome/78.0.3904.108 Safari/537.36
::1 - Thu Dec 26 2019 16:21:11 GMT-0500 (Eastern Standard Time) - GET /notes HTTP/1.1 200 723 - 152 - Mozilla/5.0 (X11; Linux x86_64) AppleWebKit/537.36 (KHTML, like Gecko) Chrome/78.0.3904.108 Safari/537.36
::1 - Thu Dec 26 2019 16:21:11 GMT-0500 (Eastern Standard Time) - GET /stylesheets/style.css HTTP/1.1 304 - - 4 http://localhost:3000/notes Mozilla/5.0 (X11; Linux x86_64) AppleWebKit/537.36 (KHTML, like Gecko) Chrome/78.0.3904.108 Safari/537.36
::1 - Thu Dec 26 2019 16:21:11 GMT-0500 (Eastern Standard Time) - GET /javascripts/html5shiv.min.js HTTP/1.1 304 - - 1 http://localhost:3000/notes Mozilla/5.0 (X11; Linux x86_64) AppleWebKit/537.36 (KHTML, like Gecko) Chrome/78.0.3904.108 Safari/537.36
::1 - Thu Dec 26 2019 16:21:11 GMT-0500 (Eastern Standard Time) - GET /javascripts/html5shiv-printshiv.min.js HTTP/1.1 304 - - 1 http://localhost:3000/notes Mozilla/5.0 (X11; Linux x86_64) AppleWebKit/537.36 (KHTML, like Gecko) Chrome/78.0.3904.108 Safari/537.36
::1 - Thu Dec 26 2019 16:21:11 GMT-0500 (Eastern Standard Time) - GET /javascripts/respond.min.js HTTP/1.1 304 - - 1 http://localhost:3000/notes Mozilla/5.0 (X11; Linux x86_64) AppleWebKit/537.36 (KHTML, like Gecko) Chrome/78.0.3904.108 Safari/537.36
::1 - Thu Dec 26 2019 16:21:11 GMT-0500 (Eastern Standard Time) - GET /javascripts/respond.matchmedia.addListener.min.js HTTP/1.1 304 - - 1 http://localhost:3000/notes Mozilla/5.0 (X11; Linux x86_64) AppleWebKit/537.36 (KHTML, like Gecko) Chrome/78.0.3904.108 Safari/537.36
::1 - Thu Dec 26 2019 16:21:11 GMT-0500 (Eastern Standard Time) - GET /notes HTTP/1.1 304 - - 38 - Mozilla/5.0 (X11; Linux x86_64) AppleWebKit/537.36 (KHTML, like Gecko) Chrome/78.0.3904.108 Safari/537.36
::1 - Thu Dec 26 2019 16:21:11 GMT-0500 (Eastern Standard Time) - GET /stylesheets/style.css HTTP/1.1 304 - - 1 http://localhost:3000/notes Mozilla/5.0 (X11; Linux x86_64) AppleWebKit/537.36 (KHTML, like Gecko) Chrome/78.0.3904.108 Safari/537.36
::1 - Thu Dec 26 2019 16:21:11 GMT-0500 (Eastern Standard Time) - GET /javascripts/html5shiv.min.js HTTP/1.1 304 - - 1 http://localhost:3000/notes Mozilla/5.0 (X11; Linux x86_64) AppleWebKit/537.36 (KHTML, like Gecko) Chrome/78.0.3904.108 Safari/537.36
::1 - Thu Dec 26 2019 16:21:11 GMT-0500 (Eastern Standard Time) - GET /javascripts/html5shiv-printshiv.min.js HTTP/1.1 304 - - 1 http://localhost:3000/notes Mozilla/5.0 (X11; Linux x86_64) AppleWebKit/537.36 (KHTML, like Gecko) Chrome/78.0.3904.108 Safari/537.36
::1 - Thu Dec 26 2019 16:21:11 GMT-0500 (Eastern Standard Time) - GET /javascripts/respond.min.js HTTP/1.1 304 - - 1 http://localhost:3000/notes Mozilla/5.0 (X11; Linux x86_64) AppleWebKit/537.36 (KHTML, like Gecko) Chrome/78.0.3904.108 Safari/537.36
::1 - Thu Dec 26 2019 16:21:11 GMT-0500 (Eastern Standard Time) - GET /javascripts/respond.matchmedia.addListener.min.js HTTP/1.1 304 - - 1 http://localhost:3000/notes Mozilla/5.0 (X11; Linux x86_64) AppleWebKit/537.36 (KHTML, like Gecko) Chrome/78.0.3904.108 Safari/537.36
::1 - Thu Dec 26 2019 16:21:12 GMT-0500 (Eastern Standard Time) - GET /notes HTTP/1.1 304 - - 19 - Mozilla/5.0 (X11; Linux x86_64) AppleWebKit/537.36 (KHTML, like Gecko) Chrome/78.0.3904.108 Safari/537.36
::1 - Thu Dec 26 2019 16:21:12 GMT-0500 (Eastern Standard Time) - GET /stylesheets/style.css HTTP/1.1 304 - - 1 http://localhost:3000/notes Mozilla/5.0 (X11; Linux x86_64) AppleWebKit/537.36 (KHTML, like Gecko) Chrome/78.0.3904.108 Safari/537.36
::1 - Thu Dec 26 2019 16:21:12 GMT-0500 (Eastern Standard Time) - GET /javascripts/html5shiv.min.js HTTP/1.1 304 - - 6 http://localhost:3000/notes Mozilla/5.0 (X11; Linux x86_64) AppleWebKit/537.36 (KHTML, like Gecko) Chrome/78.0.3904.108 Safari/537.36
::1 - Thu Dec 26 2019 16:21:12 GMT-0500 (Eastern Standard Time) - GET /javascripts/html5shiv-printshiv.min.js HTTP/1.1 304 - - 6 http://localhost:3000/notes Mozilla/5.0 (X11; Linux x86_64) AppleWebKit/537.36 (KHTML, like Gecko) Chrome/78.0.3904.108 Safari/537.36
::1 - Thu Dec 26 2019 16:21:12 GMT-0500 (Eastern Standard Time) - GET /javascripts/respond.min.js HTTP/1.1 304 - - 10 http://localhost:3000/notes Mozilla/5.0 (X11; Linux x86_64) AppleWebKit/537.36 (KHTML, like Gecko) Chrome/78.0.3904.108 Safari/537.36
::1 - Thu Dec 26 2019 16:21:12 GMT-0500 (Eastern Standard Time) - GET /javascripts/respond.matchmedia.addListener.min.js HTTP/1.1 304 - - 7 http://localhost:3000/notes Mozilla/5.0 (X11; Linux x86_64) AppleWebKit/537.36 (KHTML, like Gecko) Chrome/78.0.3904.108 Safari/537.36
::1 - Thu Dec 26 2019 16:21:12 GMT-0500 (Eastern Standard Time) - GET /notes HTTP/1.1 304 - - 32 - Mozilla/5.0 (X11; Linux x86_64) AppleWebKit/537.36 (KHTML, like Gecko) Chrome/78.0.3904.108 Safari/537.36
::1 - Thu Dec 26 2019 16:21:12 GMT-0500 (Eastern Standard Time) - GET /stylesheets/style.css HTTP/1.1 304 - - 1 http://localhost:3000/notes Mozilla/5.0 (X11; Linux x86_64) AppleWebKit/537.36 (KHTML, like Gecko) Chrome/78.0.3904.108 Safari/537.36
::1 - Thu Dec 26 2019 16:21:12 GMT-0500 (Eastern Standard Time) - GET /javascripts/html5shiv.min.js HTTP/1.1 304 - - 1 http://localhost:3000/notes Mozilla/5.0 (X11; Linux x86_64) AppleWebKit/537.36 (KHTML, like Gecko) Chrome/78.0.3904.108 Safari/537.36
::1 - Thu Dec 26 2019 16:21:12 GMT-0500 (Eastern Standard Time) - GET /javascripts/html5shiv-printshiv.min.js HTTP/1.1 304 - - 1 http://localhost:3000/notes Mozilla/5.0 (X11; Linux x86_64) AppleWebKit/537.36 (KHTML, like Gecko) Chrome/78.0.3904.108 Safari/537.36
::1 - Thu Dec 26 2019 16:21:12 GMT-0500 (Eastern Standard Time) - GET /javascripts/respond.min.js HTTP/1.1 304 - - 1 http://localhost:3000/notes Mozilla/5.0 (X11; Linux x86_64) AppleWebKit/537.36 (KHTML, like Gecko) Chrome/78.0.3904.108 Safari/537.36
::1 - Thu Dec 26 2019 16:21:12 GMT-0500 (Eastern Standard Time) - GET /javascripts/respond.matchmedia.addListener.min.js HTTP/1.1 304 - - 1 http://localhost:3000/notes Mozilla/5.0 (X11; Linux x86_64) AppleWebKit/537.36 (KHTML, like Gecko) Chrome/78.0.3904.108 Safari/537.36
::1 - Thu Dec 26 2019 16:21:13 GMT-0500 (Eastern Standard Time) - GET /ficon.ico HTTP/1.1 200 - - 5 http://localhost:3000/notes Mozilla/5.0 (X11; Linux x86_64) AppleWebKit/537.36 (KHTML, like Gecko) Chrome/78.0.3904.108 Safari/537.36
::1 - Thu Dec 26 2019 16:22:03 GMT-0500 (Eastern Standard Time) - GET /notes HTTP/1.1 304 - - 145 - Mozilla/5.0 (X11; Linux x86_64) AppleWebKit/537.36 (KHTML, like Gecko) Chrome/78.0.3904.108 Safari/537.36
::1 - Thu Dec 26 2019 16:22:04 GMT-0500 (Eastern Standard Time) - GET /notes HTTP/1.1 304 - - 23 - Mozilla/5.0 (X11; Linux x86_64) AppleWebKit/537.36 (KHTML, like Gecko) Chrome/78.0.3904.108 Safari/537.36
::1 - Thu Dec 26 2019 16:22:04 GMT-0500 (Eastern Standard Time) - GET /notes HTTP/1.1 304 - - 23 - Mozilla/5.0 (X11; Linux x86_64) AppleWebKit/537.36 (KHTML, like Gecko) Chrome/78.0.3904.108 Safari/537.36
::1 - Thu Dec 26 2019 16:22:05 GMT-0500 (Eastern Standard Time) - GET /notes HTTP/1.1 304 - - 21 - Mozilla/5.0 (X11; Linux x86_64) AppleWebKit/537.36 (KHTML, like Gecko) Chrome/78.0.3904.108 Safari/537.36
::1 - Thu Dec 26 2019 16:22:06 GMT-0500 (Eastern Standard Time) - GET / HTTP/1.1 304 - - 12 - Mozilla/5.0 (X11; Linux x86_64) AppleWebKit/537.36 (KHTML, like Gecko) Chrome/78.0.3904.108 Safari/537.36
::1 - Thu Dec 26 2019 16:22:09 GMT-0500 (Eastern Standard Time) - GET / HTTP/1.1 304 - - 13 - Mozilla/5.0 (X11; Linux x86_64) AppleWebKit/537.36 (KHTML, like Gecko) Chrome/78.0.3904.108 Safari/537.36
::1 - Thu Dec 26 2019 16:22:09 GMT-0500 (Eastern Standard Time) - GET /stylesheets/style.css HTTP/1.1 304 - - 4 http://localhost:3000/ Mozilla/5.0 (X11; Linux x86_64) AppleWebKit/537.36 (KHTML, like Gecko) Chrome/78.0.3904.108 Safari/537.36
::1 - Thu Dec 26 2019 16:22:09 GMT-0500 (Eastern Standard Time) - GET /javascripts/html5shiv.min.js HTTP/1.1 304 - - 1 http://localhost:3000/ Mozilla/5.0 (X11; Linux x86_64) AppleWebKit/537.36 (KHTML, like Gecko) Chrome/78.0.3904.108 Safari/537.36
::1 - Thu Dec 26 2019 16:22:09 GMT-0500 (Eastern Standard Time) - GET /javascripts/html5shiv-printshiv.min.js HTTP/1.1 304 - - 1 http://localhost:3000/ Mozilla/5.0 (X11; Linux x86_64) AppleWebKit/537.36 (KHTML, like Gecko) Chrome/78.0.3904.108 Safari/537.36
::1 - Thu Dec 26 2019 16:22:09 GMT-0500 (Eastern Standard Time) - GET /javascripts/respond.min.js HTTP/1.1 304 - - 1 http://localhost:3000/ Mozilla/5.0 (X11; Linux x86_64) AppleWebKit/537.36 (KHTML, like Gecko) Chrome/78.0.3904.108 Safari/537.36
::1 - Thu Dec 26 2019 16:22:09 GMT-0500 (Eastern Standard Time) - GET /javascripts/respond.matchmedia.addListener.min.js HTTP/1.1 304 - - 1 http://localhost:3000/ Mozilla/5.0 (X11; Linux x86_64) AppleWebKit/537.36 (KHTML, like Gecko) Chrome/78.0.3904.108 Safari/537.36
::1 - Thu Dec 26 2019 16:22:09 GMT-0500 (Eastern Standard Time) - GET /ficon.ico HTTP/1.1 304 - - 1 http://localhost:3000/ Mozilla/5.0 (X11; Linux x86_64) AppleWebKit/537.36 (KHTML, like Gecko) Chrome/78.0.3904.108 Safari/537.36
::1 - Thu Dec 26 2019 16:22:12 GMT-0500 (Eastern Standard Time) - GET /notes HTTP/1.1 304 - - 23 - Mozilla/5.0 (X11; Linux x86_64) AppleWebKit/537.36 (KHTML, like Gecko) Chrome/78.0.3904.108 Safari/537.36
::1 - Thu Dec 26 2019 16:22:12 GMT-0500 (Eastern Standard Time) - GET /stylesheets/style.css HTTP/1.1 304 - - 1 http://localhost:3000/notes Mozilla/5.0 (X11; Linux x86_64) AppleWebKit/537.36 (KHTML, like Gecko) Chrome/78.0.3904.108 Safari/537.36
::1 - Thu Dec 26 2019 16:22:12 GMT-0500 (Eastern Standard Time) - GET /javascripts/html5shiv.min.js HTTP/1.1 304 - - 1 http://localhost:3000/notes Mozilla/5.0 (X11; Linux x86_64) AppleWebKit/537.36 (KHTML, like Gecko) Chrome/78.0.3904.108 Safari/537.36
::1 - Thu Dec 26 2019 16:22:12 GMT-0500 (Eastern Standard Time) - GET /javascripts/html5shiv-printshiv.min.js HTTP/1.1 304 - - 1 http://localhost:3000/notes Mozilla/5.0 (X11; Linux x86_64) AppleWebKit/537.36 (KHTML, like Gecko) Chrome/78.0.3904.108 Safari/537.36
::1 - Thu Dec 26 2019 16:22:12 GMT-0500 (Eastern Standard Time) - GET /javascripts/respond.min.js HTTP/1.1 304 - - 1 http://localhost:3000/notes Mozilla/5.0 (X11; Linux x86_64) AppleWebKit/537.36 (KHTML, like Gecko) Chrome/78.0.3904.108 Safari/537.36
::1 - Thu Dec 26 2019 16:22:12 GMT-0500 (Eastern Standard Time) - GET /javascripts/respond.matchmedia.addListener.min.js HTTP/1.1 304 - - 1 http://localhost:3000/notes Mozilla/5.0 (X11; Linux x86_64) AppleWebKit/537.36 (KHTML, like Gecko) Chrome/78.0.3904.108 Safari/537.36
::1 - Thu Dec 26 2019 16:22:12 GMT-0500 (Eastern Standard Time) - GET /stylesheets/style.css HTTP/1.1 304 - - 1 http://localhost:3000/notes Mozilla/5.0 (X11; Linux x86_64) AppleWebKit/537.36 (KHTML, like Gecko) Chrome/78.0.3904.108 Safari/537.36
::1 - Thu Dec 26 2019 16:22:12 GMT-0500 (Eastern Standard Time) - GET /javascripts/html5shiv.min.js HTTP/1.1 304 - - 3 http://localhost:3000/notes Mozilla/5.0 (X11; Linux x86_64) AppleWebKit/537.36 (KHTML, like Gecko) Chrome/78.0.3904.108 Safari/537.36
::1 - Thu Dec 26 2019 16:22:12 GMT-0500 (Eastern Standard Time) - GET /javascripts/html5shiv-printshiv.min.js HTTP/1.1 304 - - 4 http://localhost:3000/notes Mozilla/5.0 (X11; Linux x86_64) AppleWebKit/537.36 (KHTML, like Gecko) Chrome/78.0.3904.108 Safari/537.36
::1 - Thu Dec 26 2019 16:22:12 GMT-0500 (Eastern Standard Time) - GET /javascripts/respond.min.js HTTP/1.1 304 - - 6 http://localhost:3000/notes Mozilla/5.0 (X11; Linux x86_64) AppleWebKit/537.36 (KHTML, like Gecko) Chrome/78.0.3904.108 Safari/537.36
::1 - Thu Dec 26 2019 16:22:12 GMT-0500 (Eastern Standard Time) - GET /javascripts/respond.matchmedia.addListener.min.js HTTP/1.1 304 - - 8 http://localhost:3000/notes Mozilla/5.0 (X11; Linux x86_64) AppleWebKit/537.36 (KHTML, like Gecko) Chrome/78.0.3904.108 Safari/537.36
::1 - Thu Dec 26 2019 16:22:20 GMT-0500 (Eastern Standard Time) - GET /notes HTTP/1.1 200 - - 27 - Mozilla/5.0 (X11; Linux x86_64) AppleWebKit/537.36 (KHTML, like Gecko) Chrome/78.0.3904.108 Safari/537.36
::1 - Thu Dec 26 2019 16:22:20 GMT-0500 (Eastern Standard Time) - GET /stylesheets/style.css HTTP/1.1 304 - - 1 http://localhost:3000/notes Mozilla/5.0 (X11; Linux x86_64) AppleWebKit/537.36 (KHTML, like Gecko) Chrome/78.0.3904.108 Safari/537.36
::1 - Thu Dec 26 2019 16:22:20 GMT-0500 (Eastern Standard Time) - GET /javascripts/html5shiv.min.js HTTP/1.1 304 - - 1 http://localhost:3000/notes Mozilla/5.0 (X11; Linux x86_64) AppleWebKit/537.36 (KHTML, like Gecko) Chrome/78.0.3904.108 Safari/537.36
::1 - Thu Dec 26 2019 16:22:20 GMT-0500 (Eastern Standard Time) - GET /javascripts/html5shiv-printshiv.min.js HTTP/1.1 304 - - 1 http://localhost:3000/notes Mozilla/5.0 (X11; Linux x86_64) AppleWebKit/537.36 (KHTML, like Gecko) Chrome/78.0.3904.108 Safari/537.36
::1 - Thu Dec 26 2019 16:22:20 GMT-0500 (Eastern Standard Time) - GET /javascripts/respond.min.js HTTP/1.1 304 - - 1 http://localhost:3000/notes Mozilla/5.0 (X11; Linux x86_64) AppleWebKit/537.36 (KHTML, like Gecko) Chrome/78.0.3904.108 Safari/537.36
::1 - Thu Dec 26 2019 16:22:20 GMT-0500 (Eastern Standard Time) - GET /javascripts/respond.matchmedia.addListener.min.js HTTP/1.1 304 - - 1 http://localhost:3000/notes Mozilla/5.0 (X11; Linux x86_64) AppleWebKit/537.36 (KHTML, like Gecko) Chrome/78.0.3904.108 Safari/537.36
::1 - Thu Dec 26 2019 16:22:20 GMT-0500 (Eastern Standard Time) - GET /ficon.ico HTTP/1.1 200 - - 6 http://localhost:3000/notes Mozilla/5.0 (X11; Linux x86_64) AppleWebKit/537.36 (KHTML, like Gecko) Chrome/78.0.3904.108 Safari/537.36
::1 - Thu Dec 26 2019 16:23:14 GMT-0500 (Eastern Standard Time) - GET /notes HTTP/1.1 500 35 - 174 - Mozilla/5.0 (X11; Linux x86_64) AppleWebKit/537.36 (KHTML, like Gecko) Chrome/78.0.3904.108 Safari/537.36
::1 - Thu Dec 26 2019 16:23:15 GMT-0500 (Eastern Standard Time) - GET /notes HTTP/1.1 500 35 - 44 - Mozilla/5.0 (X11; Linux x86_64) AppleWebKit/537.36 (KHTML, like Gecko) Chrome/78.0.3904.108 Safari/537.36
::1 - Thu Dec 26 2019 16:23:16 GMT-0500 (Eastern Standard Time) - GET /notes HTTP/1.1 500 35 - 21 - Mozilla/5.0 (X11; Linux x86_64) AppleWebKit/537.36 (KHTML, like Gecko) Chrome/78.0.3904.108 Safari/537.36
::1 - Thu Dec 26 2019 16:23:16 GMT-0500 (Eastern Standard Time) - GET /notes HTTP/1.1 500 35 - 44 - Mozilla/5.0 (X11; Linux x86_64) AppleWebKit/537.36 (KHTML, like Gecko) Chrome/78.0.3904.108 Safari/537.36
::1 - Thu Dec 26 2019 16:23:52 GMT-0500 (Eastern Standard Time) - GET /notes HTTP/1.1 200 - - 116 - Mozilla/5.0 (X11; Linux x86_64) AppleWebKit/537.36 (KHTML, like Gecko) Chrome/78.0.3904.108 Safari/537.36
::1 - Thu Dec 26 2019 16:23:52 GMT-0500 (Eastern Standard Time) - GET /stylesheets/style.css HTTP/1.1 304 - - 4 http://localhost:3000/notes Mozilla/5.0 (X11; Linux x86_64) AppleWebKit/537.36 (KHTML, like Gecko) Chrome/78.0.3904.108 Safari/537.36
::1 - Thu Dec 26 2019 16:23:52 GMT-0500 (Eastern Standard Time) - GET /javascripts/html5shiv.min.js HTTP/1.1 304 - - 4 http://localhost:3000/notes Mozilla/5.0 (X11; Linux x86_64) AppleWebKit/537.36 (KHTML, like Gecko) Chrome/78.0.3904.108 Safari/537.36
::1 - Thu Dec 26 2019 16:23:52 GMT-0500 (Eastern Standard Time) - GET /javascripts/html5shiv-printshiv.min.js HTTP/1.1 304 - - 12 http://localhost:3000/notes Mozilla/5.0 (X11; Linux x86_64) AppleWebKit/537.36 (KHTML, like Gecko) Chrome/78.0.3904.108 Safari/537.36
::1 - Thu Dec 26 2019 16:23:52 GMT-0500 (Eastern Standard Time) - GET /javascripts/respond.min.js HTTP/1.1 304 - - 5 http://localhost:3000/notes Mozilla/5.0 (X11; Linux x86_64) AppleWebKit/537.36 (KHTML, like Gecko) Chrome/78.0.3904.108 Safari/537.36
::1 - Thu Dec 26 2019 16:23:52 GMT-0500 (Eastern Standard Time) - GET /javascripts/respond.matchmedia.addListener.min.js HTTP/1.1 304 - - 1 http://localhost:3000/notes Mozilla/5.0 (X11; Linux x86_64) AppleWebKit/537.36 (KHTML, like Gecko) Chrome/78.0.3904.108 Safari/537.36
::1 - Thu Dec 26 2019 16:23:53 GMT-0500 (Eastern Standard Time) - GET /ficon.ico HTTP/1.1 200 - - 11 http://localhost:3000/notes Mozilla/5.0 (X11; Linux x86_64) AppleWebKit/537.36 (KHTML, like Gecko) Chrome/78.0.3904.108 Safari/537.36
::1 - Thu Dec 26 2019 16:24:16 GMT-0500 (Eastern Standard Time) - GET /notes HTTP/1.1 200 723 - 135 - Mozilla/5.0 (X11; Linux x86_64) AppleWebKit/537.36 (KHTML, like Gecko) Chrome/78.0.3904.108 Safari/537.36
::1 - Thu Dec 26 2019 16:24:16 GMT-0500 (Eastern Standard Time) - GET /stylesheets/style.css HTTP/1.1 304 - - 4 http://localhost:3000/notes Mozilla/5.0 (X11; Linux x86_64) AppleWebKit/537.36 (KHTML, like Gecko) Chrome/78.0.3904.108 Safari/537.36
::1 - Thu Dec 26 2019 16:24:16 GMT-0500 (Eastern Standard Time) - GET /javascripts/html5shiv.min.js HTTP/1.1 304 - - 1 http://localhost:3000/notes Mozilla/5.0 (X11; Linux x86_64) AppleWebKit/537.36 (KHTML, like Gecko) Chrome/78.0.3904.108 Safari/537.36
::1 - Thu Dec 26 2019 16:24:16 GMT-0500 (Eastern Standard Time) - GET /javascripts/html5shiv-printshiv.min.js HTTP/1.1 304 - - 1 http://localhost:3000/notes Mozilla/5.0 (X11; Linux x86_64) AppleWebKit/537.36 (KHTML, like Gecko) Chrome/78.0.3904.108 Safari/537.36
::1 - Thu Dec 26 2019 16:24:16 GMT-0500 (Eastern Standard Time) - GET /javascripts/respond.min.js HTTP/1.1 304 - - 1 http://localhost:3000/notes Mozilla/5.0 (X11; Linux x86_64) AppleWebKit/537.36 (KHTML, like Gecko) Chrome/78.0.3904.108 Safari/537.36
::1 - Thu Dec 26 2019 16:24:16 GMT-0500 (Eastern Standard Time) - GET /javascripts/respond.matchmedia.addListener.min.js HTTP/1.1 304 - - 1 http://localhost:3000/notes Mozilla/5.0 (X11; Linux x86_64) AppleWebKit/537.36 (KHTML, like Gecko) Chrome/78.0.3904.108 Safari/537.36
::1 - Thu Dec 26 2019 16:24:16 GMT-0500 (Eastern Standard Time) - GET /ficon.ico HTTP/1.1 200 - - 6 http://localhost:3000/notes Mozilla/5.0 (X11; Linux x86_64) AppleWebKit/537.36 (KHTML, like Gecko) Chrome/78.0.3904.108 Safari/537.36
::1 - Thu Dec 26 2019 16:24:16 GMT-0500 (Eastern Standard Time) - GET /notes HTTP/1.1 304 - - 30 - Mozilla/5.0 (X11; Linux x86_64) AppleWebKit/537.36 (KHTML, like Gecko) Chrome/78.0.3904.108 Safari/537.36
::1 - Thu Dec 26 2019 16:24:17 GMT-0500 (Eastern Standard Time) - GET /stylesheets/style.css HTTP/1.1 304 - - 5 http://localhost:3000/notes Mozilla/5.0 (X11; Linux x86_64) AppleWebKit/537.36 (KHTML, like Gecko) Chrome/78.0.3904.108 Safari/537.36
::1 - Thu Dec 26 2019 16:24:17 GMT-0500 (Eastern Standard Time) - GET /javascripts/html5shiv.min.js HTTP/1.1 304 - - 8 http://localhost:3000/notes Mozilla/5.0 (X11; Linux x86_64) AppleWebKit/537.36 (KHTML, like Gecko) Chrome/78.0.3904.108 Safari/537.36
::1 - Thu Dec 26 2019 16:24:17 GMT-0500 (Eastern Standard Time) - GET /javascripts/html5shiv-printshiv.min.js HTTP/1.1 304 - - 4 http://localhost:3000/notes Mozilla/5.0 (X11; Linux x86_64) AppleWebKit/537.36 (KHTML, like Gecko) Chrome/78.0.3904.108 Safari/537.36
::1 - Thu Dec 26 2019 16:24:17 GMT-0500 (Eastern Standard Time) - GET /javascripts/respond.min.js HTTP/1.1 304 - - 7 http://localhost:3000/notes Mozilla/5.0 (X11; Linux x86_64) AppleWebKit/537.36 (KHTML, like Gecko) Chrome/78.0.3904.108 Safari/537.36
::1 - Thu Dec 26 2019 16:24:17 GMT-0500 (Eastern Standard Time) - GET /javascripts/respond.matchmedia.addListener.min.js HTTP/1.1 304 - - 2 http://localhost:3000/notes Mozilla/5.0 (X11; Linux x86_64) AppleWebKit/537.36 (KHTML, like Gecko) Chrome/78.0.3904.108 Safari/537.36
::1 - Thu Dec 26 2019 16:24:17 GMT-0500 (Eastern Standard Time) - GET /ficon.ico HTTP/1.1 200 - - 2 http://localhost:3000/notes Mozilla/5.0 (X11; Linux x86_64) AppleWebKit/537.36 (KHTML, like Gecko) Chrome/78.0.3904.108 Safari/537.36
::1 - Thu Dec 26 2019 16:24:35 GMT-0500 (Eastern Standard Time) - GET /notes HTTP/1.1 200 723 - 121 - Mozilla/5.0 (X11; Linux x86_64) AppleWebKit/537.36 (KHTML, like Gecko) Chrome/78.0.3904.108 Safari/537.36
::1 - Thu Dec 26 2019 16:24:35 GMT-0500 (Eastern Standard Time) - GET /notes HTTP/1.1 304 - - 63 - Mozilla/5.0 (X11; Linux x86_64) AppleWebKit/537.36 (KHTML, like Gecko) Chrome/78.0.3904.108 Safari/537.36
::1 - Thu Dec 26 2019 16:24:36 GMT-0500 (Eastern Standard Time) - GET /notes HTTP/1.1 304 - - 45 - Mozilla/5.0 (X11; Linux x86_64) AppleWebKit/537.36 (KHTML, like Gecko) Chrome/78.0.3904.108 Safari/537.36
::1 - Thu Dec 26 2019 16:24:36 GMT-0500 (Eastern Standard Time) - GET /stylesheets/style.css HTTP/1.1 304 - - 4 http://localhost:3000/notes Mozilla/5.0 (X11; Linux x86_64) AppleWebKit/537.36 (KHTML, like Gecko) Chrome/78.0.3904.108 Safari/537.36
::1 - Thu Dec 26 2019 16:24:36 GMT-0500 (Eastern Standard Time) - GET /javascripts/html5shiv.min.js HTTP/1.1 304 - - 1 http://localhost:3000/notes Mozilla/5.0 (X11; Linux x86_64) AppleWebKit/537.36 (KHTML, like Gecko) Chrome/78.0.3904.108 Safari/537.36
::1 - Thu Dec 26 2019 16:24:36 GMT-0500 (Eastern Standard Time) - GET /javascripts/html5shiv-printshiv.min.js HTTP/1.1 304 - - 2 http://localhost:3000/notes Mozilla/5.0 (X11; Linux x86_64) AppleWebKit/537.36 (KHTML, like Gecko) Chrome/78.0.3904.108 Safari/537.36
::1 - Thu Dec 26 2019 16:24:36 GMT-0500 (Eastern Standard Time) - GET /javascripts/respond.min.js HTTP/1.1 304 - - 2 http://localhost:3000/notes Mozilla/5.0 (X11; Linux x86_64) AppleWebKit/537.36 (KHTML, like Gecko) Chrome/78.0.3904.108 Safari/537.36
::1 - Thu Dec 26 2019 16:24:36 GMT-0500 (Eastern Standard Time) - GET /javascripts/respond.matchmedia.addListener.min.js HTTP/1.1 304 - - 2 http://localhost:3000/notes Mozilla/5.0 (X11; Linux x86_64) AppleWebKit/537.36 (KHTML, like Gecko) Chrome/78.0.3904.108 Safari/537.36
